<?xml version="1.0" encoding="UTF-8"?>
<testsuite xmlns:xsi="http://www.w3.org/2001/XMLSchema-instance" xsi:noNamespaceSchemaLocation="https://maven.apache.org/surefire/maven-surefire-plugin/xsd/surefire-test-report.xsd" name="com.mycompany.app.AppTest" time="0.065" tests="3" errors="2" skipped="0" failures="0">
  <properties>
[...]
</properties>
  <testcase name="shouldAnswerWithTrue" classname="com.mycompany.app.AppTest" time="0.003"/>
  <testcase name="printAsciiArt" classname="com.mycompany.app.AppTest" time="0.01">
    <error message="Cannot read field &quot;value&quot; because &quot;anotherString&quot; is null" type="java.lang.NullPointerException">java.lang.NullPointerException: Cannot read field "value" because "anotherString" is null
	at com.mycompany.app.AppTest.printAsciiArt(AppTest.java:50)
</error>
  </testcase>
  <testcase name="convert" classname="com.mycompany.app.AppTest" time="0.001">
    <error message="Cannot read field &quot;value&quot; because &quot;anotherString&quot; is null" type="java.lang.NullPointerException">java.lang.NullPointerException: Cannot read field "value" because "anotherString" is null
	at com.mycompany.app.AppTest.convert(AppTest.java:25)
</error>
  </testcase>
</testsuite>